1610700177730	mozrunner::runner	INFO	Running command: "/Applications/Firefox.app/Contents/MacOS/firefox-bin" "-marionette" "-foreground" "-no-remote" "-profile" "/var/folders/vr/n7s7pn997tb5d46fqfzzp5zh0000gp/T/rust_mozprofile.YC2dYJXz6gQL"
console.warn: SearchSettings: "get: No settings file exists, new profile?" (new Error("", "(unknown module)"))
1610700180059	Marionette	INFO	Listening on port 52411
1610700180122	Marionette	WARN	TLS certificate errors will be ignored for this session
1610700181886	Marionette	INFO	Stopped listening on port 52411

###!!! [Parent][RunMessage] Error: Channel closing: too late to send/recv, messages will be lost

1610700211928	mozrunner::runner	INFO	Running command: "/Applications/Firefox.app/Contents/MacOS/firefox-bin" "-marionette" "-foreground" "-no-remote" "-profile" "/var/folders/vr/n7s7pn997tb5d46fqfzzp5zh0000gp/T/rust_mozprofile.MvzQtkyOiPsN"
console.warn: SearchSettings: "get: No settings file exists, new profile?" (new Error("", "(unknown module)"))
1610700214095	Marionette	INFO	Listening on port 52491
1610700214193	Marionette	WARN	TLS certificate errors will be ignored for this session
1610700215736	Marionette	INFO	Stopped listening on port 52491

###!!! [Parent][RunMessage] Error: Channel closing: too late to send/recv, messages will be lost

1610700323544	mozrunner::runner	INFO	Running command: "/Applications/Firefox.app/Contents/MacOS/firefox-bin" "-marionette" "-foreground" "-no-remote" "-profile" "/var/folders/vr/n7s7pn997tb5d46fqfzzp5zh0000gp/T/rust_mozprofile.OmJwfaClax6N"
console.warn: SearchSettings: "get: No settings file exists, new profile?" (new Error("", "(unknown module)"))
1610700325863	Marionette	INFO	Listening on port 52652
1610700325918	Marionette	WARN	TLS certificate errors will be ignored for this session
1610700327534	Marionette	INFO	Stopped listening on port 52652

###!!! [Parent][RunMessage] Error: Channel closing: too late to send/recv, messages will be lost

1610701071311	mozrunner::runner	INFO	Running command: "/Applications/Firefox.app/Contents/MacOS/firefox-bin" "-marionette" "-foreground" "-no-remote" "-profile" "/var/folders/vr/n7s7pn997tb5d46fqfzzp5zh0000gp/T/rust_mozprofile.K8SJkdpBuaQc"
console.warn: SearchSettings: "get: No settings file exists, new profile?" (new Error("", "(unknown module)"))
1610701073653	Marionette	INFO	Listening on port 53285
1610701073698	Marionette	WARN	TLS certificate errors will be ignored for this session
1610701075307	Marionette	INFO	Stopped listening on port 53285

###!!! [Parent][RunMessage] Error: Channel closing: too late to send/recv, messages will be lost

1610701362787	mozrunner::runner	INFO	Running command: "/Applications/Firefox.app/Contents/MacOS/firefox-bin" "-marionette" "-foreground" "-no-remote" "-profile" "/var/folders/vr/n7s7pn997tb5d46fqfzzp5zh0000gp/T/rust_mozprofile.b91VwNq3hMl3"
console.warn: SearchSettings: "get: No settings file exists, new profile?" (new Error("", "(unknown module)"))
1610701365119	Marionette	INFO	Listening on port 53539
1610701365178	Marionette	WARN	TLS certificate errors will be ignored for this session
1610701367009	Marionette	INFO	Stopped listening on port 53539

###!!! [Parent][RunMessage] Error: Channel closing: too late to send/recv, messages will be lost

1610701450897	mozrunner::runner	INFO	Running command: "/Applications/Firefox.app/Contents/MacOS/firefox-bin" "-marionette" "-foreground" "-no-remote" "-profile" "/var/folders/vr/n7s7pn997tb5d46fqfzzp5zh0000gp/T/rust_mozprofile.UUnaiS0zYUyR"
console.warn: SearchSettings: "get: No settings file exists, new profile?" (new Error("", "(unknown module)"))
1610701453066	Marionette	INFO	Listening on port 53656
1610701453178	Marionette	WARN	TLS certificate errors will be ignored for this session
1610701454895	Marionette	INFO	Stopped listening on port 53656

###!!! [Parent][RunMessage] Error: Channel closing: too late to send/recv, messages will be lost

1610706082044	mozrunner::runner	INFO	Running command: "/Applications/Firefox.app/Contents/MacOS/firefox-bin" "-marionette" "-foreground" "-no-remote" "-profile" "/var/folders/vr/n7s7pn997tb5d46fqfzzp5zh0000gp/T/rust_mozprofile.m7y7CqytSElF"
console.warn: SearchSettings: "get: No settings file exists, new profile?" (new Error("", "(unknown module)"))
1610706084671	Marionette	INFO	Listening on port 56827
1610706084732	Marionette	WARN	TLS certificate errors will be ignored for this session
1610706086622	Marionette	INFO	Stopped listening on port 56827

###!!! [Parent][RunMessage] Error: Channel closing: too late to send/recv, messages will be lost

